<?xml version="1.0" encoding="UTF-8"?>
<testng-results ignored="0" total="1" passed="1" failed="0" skipped="0">
  <reporter-output>
  </reporter-output>
  <suite started-at="2024-07-23T16:02:34 IST" name="Default suite" finished-at="2024-07-23T16:03:10 IST" duration-ms="35725">
    <groups>
    </groups>
    <test started-at="2024-07-23T16:02:34 IST" name="Default test" finished-at="2024-07-23T16:03:10 IST" duration-ms="35725">
      <class name="Ixigotask.Ixigo">
        <test-method is-config="true" signature="BeforeClass1()[pri:0, instance:Ixigotask.Ixigo@294425a7]" started-at="2024-07-23T16:02:34 IST" name="BeforeClass1" finished-at="2024-07-23T16:02:34 IST" duration-ms="5" status="PASS">
          <reporter-output>
          </reporter-output>
        </test-method> <!-- BeforeClass1 -->
        <test-method is-config="true" signature="Starter()[pri:0, instance:Ixigotask.Ixigo@294425a7]" started-at="2024-07-23T16:02:34 IST" name="Starter" finished-at="2024-07-23T16:02:37 IST" duration-ms="2202" status="PASS">
          <reporter-output>
          </reporter-output>
        </test-method> <!-- Starter -->
        <test-method signature="SearchFlights()[pri:0, instance:Ixigotask.Ixigo@294425a7]" started-at="2024-07-23T16:02:37 IST" name="SearchFlights" finished-at="2024-07-23T16:03:07 IST" duration-ms="30477" status="PASS">
          <reporter-output>
          </reporter-output>
        </test-method> <!-- SearchFlights -->
        <test-method is-config="true" signature="Teardown()[pri:0, instance:Ixigotask.Ixigo@294425a7]" started-at="2024-07-23T16:03:07 IST" name="Teardown" finished-at="2024-07-23T16:03:10 IST" duration-ms="3005" status="PASS">
          <reporter-output>
          </reporter-output>
        </test-method> <!-- Teardown -->
        <test-method is-config="true" signature="AfterClasss1()[pri:0, instance:Ixigotask.Ixigo@294425a7]" started-at="2024-07-23T16:03:10 IST" name="AfterClasss1" finished-at="2024-07-23T16:03:10 IST" duration-ms="0" status="PASS">
          <reporter-output>
          </reporter-output>
        </test-method> <!-- AfterClasss1 -->
      </class> <!-- Ixigotask.Ixigo -->
    </test> <!-- Default test -->
  </suite> <!-- Default suite -->
</testng-results>
